 SI  0
 S  20  1.00
 3948000.00000000      0.00000204
  591100.00000000      0.00001584
  134500.00000000      0.00008336
   38120.00000000      0.00035136
   12460.00000000      0.00127660
    4504.00000000      0.00415191
    1758.00000000      0.01230300
     729.10000000      0.03331020
     318.00000000      0.08098450
     144.60000000      0.17029000
      67.97000000      0.28687900
      32.82000000      0.33034000
      16.03000000      0.19660200
       7.39600000      0.03545350
       3.66100000     -0.00053520
       1.82300000      0.00161465
       0.91470000     -0.00037274
       0.33930000      0.00014623
       0.15000000     -0.00007894
       0.06438000      0.00001928
 S  20  1.00
 3948000.00000000     -0.00000054
  591100.00000000     -0.00000422
  134500.00000000     -0.00002218
   38120.00000000     -0.00009360
   12460.00000000     -0.00034012
    4504.00000000     -0.00111061
    1758.00000000     -0.00330878
     729.10000000     -0.00911602
     318.00000000     -0.02287900
     144.60000000     -0.05171190
      67.97000000     -0.09990910
      32.82000000     -0.15274700
      16.03000000     -0.12750800
       7.39600000      0.09469630
       3.66100000      0.41403600
       1.82300000      0.46793400
       0.91470000      0.17392700
       0.33930000      0.00843895
       0.15000000     -0.00099807
       0.06438000      0.00036210
 S  20  1.00
 3948000.00000000      0.00000014
  591100.00000000      0.00000108
  134500.00000000      0.00000569
   38120.00000000      0.00002395
   12460.00000000      0.00008724
    4504.00000000      0.00028416
    1758.00000000      0.00084984
     729.10000000      0.00233527
     318.00000000      0.00590466
     144.60000000      0.01334610
      67.97000000      0.02628890
      32.82000000      0.04074260
      16.03000000      0.03614760
       7.39600000     -0.03039230
       3.66100000     -0.13596100
       1.82300000     -0.25014400
       0.91470000     -0.15805000
       0.33930000      0.36965500
       0.15000000      0.61771800
       0.06438000      0.22251400
 S   1  1.00
       0.91470000      1.00000000
 S   1  1.00
       0.33930000      1.00000000
 S   1  1.00
       0.15000000      1.00000000
 S   1  1.00
       0.06438000      1.00000000
 P  12  1.00
    1780.00000000      0.00020121
     421.80000000      0.00174937
     136.70000000      0.00948141
      51.81000000      0.03723130
      21.60000000      0.11076300
       9.56300000      0.23793300
       4.35000000      0.35369100
       2.00600000      0.32883900
       0.92050000      0.13237300
       0.35000000      0.01033000
       0.13810000     -0.00015031
       0.05338000      0.00026581
 P  12  1.00
    1780.00000000     -0.00004272
     421.80000000     -0.00037704
     136.70000000     -0.00202240
      51.81000000     -0.00812833
      21.60000000     -0.02422720
       9.56300000     -0.05438250
       4.35000000     -0.07990510
       2.00600000     -0.08889580
       0.92050000      0.01839970
       0.35000000      0.33509600
       0.13810000      0.53228800
       0.05338000      0.25437400
 P   1  1.00
       0.92050000      1.00000000
 P   1  1.00
       0.35000000      1.00000000
 P   1  1.00
       0.13810000      1.00000000
 P   1  1.00
       0.05338000      1.00000000
 D   1  1.00
       0.12600000      1.00000000
 D   1  1.00
       0.32100000      1.00000000
 D   1  1.00
       0.81700000      1.00000000
 D   1  1.00
       2.08200000      1.00000000
 F   1  1.00
       0.16900000      1.00000000
 F   1  1.00
       0.34100000      1.00000000
 F   1  1.00
       0.68800000      1.00000000
 G   1  1.00
       0.32000000      1.00000000
 G   1  1.00
       0.70500000      1.00000000
 H   1  1.00
       0.58300000      1.00000000
 S   1  1.00
       0.02600000      1.00000000
 P   1  1.00
       0.01920000      1.00000000
 D   1  1.00
       0.04680000      1.00000000
 F   1  1.00
       0.07350000      1.00000000
 G   1  1.00
       0.15100000      1.00000000
 H   1  1.00
       0.32300000      1.00000000
 ****
