allocation unit: 524288K, max shmem: 52428800K
 argument  1 = h2o-rifc02.nwc
 argument  2 = -master
 argument  3 = circusf.pnl.gov
 argument  4 = 1185
 argument  5 = 1
 argument  6 = 8
 argument  7 = 0
 argument  8 = 0
                                         
                                         


                             North West CHEM (NWCHEM)
                             ------------------------


                    Environmental Molecular Sciences Laboratory
                           Pacific Northwest Laboratory
                                Richland, WA 99352

                                         
                                         


              Job information
              ---------------

    hostname = circus
    program  = nwchem
    date     = Sat Jun 17 16:00:39 1995
    compiled = Sat Jun 17 15:57:25 EDT 1995
    source   = /home/gg502/proj/nwchem-950616
    input    = h2o-rifc02.nwc
    nproc    =    8


            Memory information
            ------------------

    heap   =     314573 doubles
    stack  =     314573 doubles
    global =    2516582 doubles (allocated separately from heap & stack)
    total  =    3145728 doubles
    verify = yes


 file prefix = h2o


                                NWCHEM Input Module
                                -------------------


                      Basis "ri-mp2 basis" -> ""
                      -----
  O (Oxygen)
  ----------
          Exponent  Coefficients 
       ------------ ------------------------------------------------------------
  1 S  11720.000000  0.000710

  2 S   1759.000000  0.005470

  3 S    400.800000  0.027837

  4 S    113.700000  0.104800

  5 S     37.030000  0.283062

  6 S     13.270000  0.448719

  7 S      5.025000  0.270952

  8 S      1.013000  0.015458

  9 S      0.302300 -0.002585

 10 P     17.700000  0.043018

 11 P      3.854000  0.228913

 12 P      1.046000  0.508728

 13 P      0.275300  0.460531

 14 D      1.185000  1.000000

 15 D      0.550600  1.000000

 16 F      2.370000  1.000000

  H (Hydrogen)
  ------------
          Exponent  Coefficients 
       ------------ ------------------------------------------------------------
  1 S     13.010000  0.019685

  2 S      1.962000  0.137977

  3 S      0.444600  0.478148

  4 S      0.122000  0.501240

  5 S      0.122000  1.000000

  6 P      0.727000  1.000000

  7 P      1.454000  1.000000

  8 D      1.454000  1.000000


 Read molecular orbitals from h2o.movecs


 Read molecular orbitals from h2o.movecs

                               NWCHEM RI-MP2 Energy
                               --------------------
                    H2O, cc-pVDZ basis, SCF optimized geometry



          Nr. of AO basis functions:         25
     Nr. of fitting basis functions:         77
               Nr. of MO spin cases:          1
        Nr. of MOs in SCF reference:         25
    Nr. of occupied MOs in SCF ref.:          5
     Nr. of virtual MOs in SCF ref.:         20
        Nr. of MOs to be correlated:         24
     Nr. of occupied MOs correlated:          4
      Nr. of virtual MOs correlated:         20

          RI integral approximation: 'V'
    Threshold for Schwarz screening:  1.000E-08
     Base file name for MO integrals 'mo3cint'

                 SCF reference file: 'h2o.movecs'
                SCF reference title: 'H2O, cc-pVDZ basis, SCF optimized geometry'


 ******************
 * IMPORTANT NOTE *
 ******************
 This correlated calculation is based on an SCF reference in which
 orbitals have been frozen or rearranged relative to the result of the
 SCF calculation.  From this point on, the orbitals are labeled in the
 'correlated basis'.

 Transformation block size    4, requiring     1 integral passes.
 XForm_3cInts: Completed     1:    4 pass. @Sat Jun 17 16:00:43 1995
 Energy evaluation using block sizes     4    4
 RIMP2_V_E2: Approx. ints. done (    1:    4,    1:    4) @Sat Jun 17 16:00:43 1995
 RIMP2_V_E2: Copy to B done (    1:    4,    1:    4) @Sat Jun 17 16:00:43 1995
 RIMP2_V_E2: Denominators done (    1:    4,    1:    4) @Sat Jun 17 16:00:43 1995
 RIMP2_V_E2: Completed block (    1:    4,    1:    4) @Sat Jun 17 16:00:43 1995
 -------------
 RI-MP2 energy
 -------------
 Reference energy:               -76.027389123373652
 Correlation energy:              -0.205508684629465
 Total RI-MP2 energy:            -76.232897808003116
 -----------------------
 Performance information
 -----------------------

 Timer overhead =  2.25D-06 seconds/call

                                   Nr. of calls                 CPU time (s)              Wall time (s)  
                             -------------------------      ---------------------      ---------------------
 Name                        Min        Avg        Max      Min      Avg      Max      Min      Avg      Max
 Overall                       1          1          1   0.       0.       0.        3.1      3.1      3.1    
 3c integral xform.            1          1          1   0.       0.       0.       0.79     0.79     0.79    
 Energy                        1          1          1   0.       0.       0.       0.22     0.22     0.22    
 3c integral generati          0          0          1   0.       0.       0.         0.     0.40     0.71    
 First 2/3 xform.              0          2          3   0.       0.       0.         0.     1.48E-02 2.61E-02
 Final 1/3 xform.              1          1          1   0.       0.       0.       3.34E-02 3.34E-02 3.34E-02
 Write 3c integrals            1          1          1   0.       0.       0.       1.03E-04 6.10E-03 1.06E-02
 Read 3c integrals             2          2          2   0.       0.       0.       1.01E-04 1.12E-02 1.85E-02
 2c integral generati          1          1          1   0.       0.       0.       0.41     0.41     0.41    
 V^{-1/2}                      1          1          1   0.       0.       0.       0.69     0.69     0.69    
 Schwarz 4c                    1          1          1   0.       0.       0.       0.18     0.18     0.18    
 Schwarz 2c                    1          1          1   0.       0.       0.       2.20E-03 4.56E-03 7.54E-03
 GA Create                     3          3          3   0.       0.       0.       8.26E-03 8.28E-03 8.31E-03
 Form 4ci                      1          1          1   0.       0.       0.       3.49E-02 3.59E-02 3.61E-02
 Form A & B                    1          1          1   0.       0.       0.       3.70E-03 3.71E-03 3.72E-03
 Denominators                  1          1          1   0.       0.       0.       7.49E-04 7.69E-04 7.79E-04
 Pair Energies                 1          1          1   0.       0.       0.       5.36E-04 7.76E-03 1.10E-02
 Det. Energy Blocking          1          1          1   0.       0.       0.       2.88E-03 2.98E-03 3.01E-03

 Summary of allocated global arrays 
 ----------------------------------

   No active global arrays
  
MA_summarize_allocated_blocks: starting scan ...
MA_summarize_allocated_blocks: scan completed: 0 heap blocks, 0 stack blocks
MA usage statistics:

	allocation statistics:
					      heap	     stack
					      ----	     -----
	current number of blocks	         0	         0
	maximum number of blocks	         2	        11
	current total bytes		         0	         0
	maximum total bytes		       592	    800096

	calls per routine:
		         5  MA_alloc_get
		         6  MA_allocate_heap
		         0  MA_chop_stack
		         6  MA_free_heap
		        68  MA_get_index
		         0  MA_get_next_memhandle
		         2  MA_get_pointer
		         1  MA_init
		         0  MA_init_memhandle_iterator
		         2  MA_inquire_avail
		         1  MA_inquire_heap
		         1  MA_inquire_stack
		        62  MA_pop_stack
		         1  MA_print_stats
		        62  MA_push_get
		        62  MA_push_stack
		         3  MA_set_auto_verify
		         0  MA_set_error_print
		         1  MA_set_hard_fail
		       202  MA_sizeof
		         0  MA_sizeof_overhead
		         1  MA_summarize_allocated_blocks
		       413  MA_verify_allocator_stuff
 Creating: host=circus, user=gg502,
           file=nwchem, port=1185
