[ - 1.0 + 1.0 * P( h3 h4 p2 p1 => h3 h4 p1 p2 ) ] * Sum ( p5 h6 ) * v ( h3 h4 p5 p2 ) * x ( p5 h6 ) * y ( h6 p1 )
[ + 1.0 - 1.0 * P( h3 h4 p1 p2 => h4 h3 p1 p2 ) ] * Sum ( h5 p6 ) * v ( h5 h3 p1 p2 ) * x ( p6 h5 ) * y ( h4 p6 )
[ - 1.0 + 1.0 * P( h3 h4 p2 p1 => h3 h4 p1 p2 ) + 1.0 * P( h3 h4 p2 p1 => h4 h3 p2 p1 ) - 1.0 * P( h3 h4 p2 p1 => h4 h3 p1 p2 ) ] * Sum ( h5 p6 ) * v ( h5 h3 p6 p2 ) * x ( p6 h5 ) * y ( h4 p1 )
[ - 1.0 + 1.0 * P( h3 h4 p1 p2 => h4 h3 p1 p2 ) ] * Sum ( p5 h6 ) * f ( h3 p5 ) * x ( p5 h6 ) * y ( h6 h4 p1 p2 )
[ + 1.0 - 1.0 * P( h3 h4 p2 p1 => h3 h4 p1 p2 ) ] * Sum ( h5 p6 ) * f ( h5 p2 ) * x ( p6 h5 ) * y ( h3 h4 p6 p1 )
[ - 1.0 ] * Sum ( h5 p6 h7 ) * v ( h3 h4 h5 p6 ) * x ( p6 h7 ) * y ( h7 h5 p1 p2 )
[ + 1.0 - 1.0 * P( h3 h4 p2 p1 => h3 h4 p1 p2 ) - 1.0 * P( h3 h4 p2 p1 => h4 h3 p2 p1 ) + 1.0 * P( h3 h4 p2 p1 => h4 h3 p1 p2 ) ] * Sum ( h5 h6 p7 ) * v ( h5 h3 h6 p2 ) * x ( p7 h5 ) * y ( h6 h4 p7 p1 )
[ + 1.0 - 1.0 * P( h3 h4 p1 p2 => h4 h3 p1 p2 ) ] * Sum ( h5 h6 p7 ) * v ( h5 h3 h6 p7 ) * x ( p7 h5 ) * y ( h6 h4 p1 p2 )
[ + 1.0 - 1.0 * P( h3 h4 p2 p1 => h3 h4 p1 p2 ) - 1.0 * P( h3 h4 p2 p1 => h4 h3 p2 p1 ) + 1.0 * P( h3 h4 p2 p1 => h4 h3 p1 p2 ) ] * Sum ( p5 p6 h7 ) * v ( h3 p5 p6 p2 ) * x ( p6 h7 ) * y ( h7 h4 p5 p1 )
[ - 1.0 ] * Sum ( h5 p6 p7 ) * v ( h5 p6 p1 p2 ) * x ( p7 h5 ) * y ( h3 h4 p7 p6 )
[ - 1.0 + 1.0 * P( h3 h4 p2 p1 => h3 h4 p1 p2 ) ] * Sum ( h5 p6 p7 ) * v ( h5 p6 p7 p2 ) * x ( p7 h5 ) * y ( h3 h4 p6 p1 )
[ - 0.5 + 0.5 * P( h3 h4 p2 p1 => h3 h4 p1 p2 ) ] * Sum ( p5 p6 h7 h8 ) * v ( h3 h4 p5 p2 ) * x ( p6 p5 h7 h8 ) * y ( h7 h8 p6 p1 )
[ + 0.25 ] * Sum ( p5 p6 h7 h8 ) * v ( h3 h4 p5 p6 ) * x ( p5 p6 h7 h8 ) * y ( h7 h8 p1 p2 )
[ + 0.5 - 0.5 * P( h3 h4 p1 p2 => h4 h3 p1 p2 ) ] * Sum ( h5 p6 p7 h8 ) * v ( h5 h3 p1 p2 ) * x ( p6 p7 h8 h5 ) * y ( h8 h4 p6 p7 )
[ - 1.0 + 1.0 * P( h3 h4 p2 p1 => h3 h4 p1 p2 ) + 1.0 * P( h3 h4 p2 p1 => h4 h3 p2 p1 ) - 1.0 * P( h3 h4 p2 p1 => h4 h3 p1 p2 ) ] * Sum ( h5 p6 p7 h8 ) * v ( h5 h3 p6 p2 ) * x ( p7 p6 h8 h5 ) * y ( h8 h4 p7 p1 )
[ + 0.5 - 0.5 * P( h3 h4 p1 p2 => h4 h3 p1 p2 ) ] * Sum ( h5 p6 p7 h8 ) * v ( h5 h3 p6 p7 ) * x ( p6 p7 h8 h5 ) * y ( h8 h4 p1 p2 )
[ + 0.25 ] * Sum ( h5 h6 p7 p8 ) * v ( h5 h6 p1 p2 ) * x ( p7 p8 h5 h6 ) * y ( h3 h4 p7 p8 )
[ - 0.5 + 0.5 * P( h3 h4 p2 p1 => h3 h4 p1 p2 ) ] * Sum ( h5 h6 p7 p8 ) * v ( h5 h6 p7 p2 ) * x ( p8 p7 h5 h6 ) * y ( h3 h4 p8 p1 )
[ + 1.0 ] * Sum ( p5 h6 p7 h8 ) * t ( p5 h6 ) * v ( h3 h4 p7 p5 ) * x ( p7 h8 ) * y ( h8 h6 p1 p2 )
[ + 1.0 - 1.0 * P( h3 h4 p2 p1 => h3 h4 p1 p2 ) - 1.0 * P( h3 h4 p2 p1 => h4 h3 p2 p1 ) + 1.0 * P( h3 h4 p2 p1 => h4 h3 p1 p2 ) ] * Sum ( p5 h6 h7 p8 ) * t ( p5 h6 ) * v ( h7 h3 p5 p2 ) * x ( p8 h7 ) * y ( h6 h4 p8 p1 )
[ - 1.0 + 1.0 * P( h3 h4 p1 p2 => h4 h3 p1 p2 ) ] * Sum ( p5 h6 h7 p8 ) * t ( p5 h6 ) * v ( h7 h3 p8 p5 ) * x ( p8 h7 ) * y ( h6 h4 p1 p2 )
[ + 1.0 - 1.0 * P( h3 h4 p2 p1 => h3 h4 p1 p2 ) - 1.0 * P( h3 h4 p2 p1 => h4 h3 p2 p1 ) + 1.0 * P( h3 h4 p2 p1 => h4 h3 p1 p2 ) ] * Sum ( p5 h6 p7 h8 ) * t ( p5 h6 ) * v ( h6 h3 p7 p2 ) * x ( p7 h8 ) * y ( h8 h4 p5 p1 )
[ + 1.0 - 1.0 * P( h3 h4 p1 p2 => h4 h3 p1 p2 ) ] * Sum ( p5 h6 p7 h8 ) * t ( p5 h6 ) * v ( h6 h3 p7 p5 ) * x ( p7 h8 ) * y ( h8 h4 p1 p2 )
[ + 1.0 ] * Sum ( p5 h6 h7 p8 ) * t ( p5 h6 ) * v ( h7 h6 p1 p2 ) * x ( p8 h7 ) * y ( h3 h4 p8 p5 )
[ + 1.0 - 1.0 * P( h3 h4 p2 p1 => h3 h4 p1 p2 ) ] * Sum ( p5 h6 h7 p8 ) * t ( p5 h6 ) * v ( h7 h6 p8 p2 ) * x ( p8 h7 ) * y ( h3 h4 p5 p1 )
[ - 1.0 + 1.0 * P( h3 h4 p2 p1 => h3 h4 p1 p2 ) ] * Sum ( p5 h6 h7 p8 ) * t ( p5 h6 ) * v ( h7 h6 p5 p2 ) * x ( p8 h7 ) * y ( h3 h4 p8 p1 )
