[ + 1.0 ] * Sum ( h3 p4 ) * v ( h3 h2 p4 p1 ) * x ( p4 h3 )
[ - 1.0 ] * Sum ( p3 h4 ) * f ( h2 p3 ) * x ( p3 h4 ) * y ( h4 p1 )
[ - 1.0 ] * Sum ( h3 p4 ) * f ( h3 p1 ) * x ( p4 h3 ) * y ( h2 p4 )
[ - 1.0 ] * Sum ( h3 h4 p5 ) * v ( h3 h2 h4 p1 ) * x ( p5 h3 ) * y ( h4 p5 )
[ + 1.0 ] * Sum ( h3 h4 p5 ) * v ( h3 h2 h4 p5 ) * x ( p5 h3 ) * y ( h4 p1 )
[ - 1.0 ] * Sum ( p3 p4 h5 ) * v ( h2 p3 p4 p1 ) * x ( p4 h5 ) * y ( h5 p3 )
[ + 1.0 ] * Sum ( h3 p4 p5 ) * v ( h3 p4 p5 p1 ) * x ( p5 h3 ) * y ( h2 p4 )
[ - 1.0 ] * Sum ( h3 h4 p5 ) * f ( h3 h4 ) * x ( p5 h3 ) * y ( h4 h2 p5 p1 )
[ + 1.0 ] * Sum ( p3 p4 h5 ) * f ( p3 p4 ) * x ( p4 h5 ) * y ( h5 h2 p3 p1 )
[ + 0.5 ] * Sum ( h3 h4 h5 p6 ) * v ( h3 h2 h4 h5 ) * x ( p6 h3 ) * y ( h4 h5 p6 p1 )
[ - 1.0 ] * Sum ( p3 h4 p5 h6 ) * v ( h2 p3 h4 p5 ) * x ( p5 h6 ) * y ( h6 h4 p3 p1 )
[ - 1.0 ] * Sum ( h3 p4 h5 p6 ) * v ( h3 p4 h5 p1 ) * x ( p6 h3 ) * y ( h5 h2 p6 p4 )
[ - 1.0 ] * Sum ( h3 p4 h5 p6 ) * v ( h3 p4 h5 p6 ) * x ( p6 h3 ) * y ( h5 h2 p4 p1 )
[ + 0.5 ] * Sum ( p3 p4 p5 h6 ) * v ( p3 p4 p5 p1 ) * x ( p5 h6 ) * y ( h6 h2 p3 p4 )
[ + 1.0 ] * Sum ( h3 p4 p5 h6 ) * v ( h3 h2 p4 p1 ) * x ( p5 p4 h6 h3 ) * y ( h6 p5 )
[ + 0.5 ] * Sum ( h3 p4 p5 h6 ) * v ( h3 h2 p4 p5 ) * x ( p4 p5 h6 h3 ) * y ( h6 p1 )
[ + 0.5 ] * Sum ( h3 h4 p5 p6 ) * v ( h3 h4 p5 p1 ) * x ( p6 p5 h3 h4 ) * y ( h2 p6 )
[ - 0.5 ] * Sum ( p3 p4 h5 h6 ) * f ( h2 p3 ) * x ( p4 p3 h5 h6 ) * y ( h5 h6 p4 p1 )
[ - 0.5 ] * Sum ( h3 p4 p5 h6 ) * f ( h3 p1 ) * x ( p4 p5 h6 h3 ) * y ( h6 h2 p4 p5 )
[ + 1.0 ] * Sum ( h3 p4 p5 h6 ) * f ( h3 p4 ) * x ( p5 p4 h6 h3 ) * y ( h6 h2 p5 p1 )
[ - 0.5 ] * Sum ( h3 h4 p5 p6 h7 ) * v ( h3 h2 h4 p1 ) * x ( p5 p6 h7 h3 ) * y ( h7 h4 p5 p6 )
[ + 1.0 ] * Sum ( h3 h4 p5 p6 h7 ) * v ( h3 h2 h4 p5 ) * x ( p6 p5 h7 h3 ) * y ( h7 h4 p6 p1 )
[ + 0.25 ] * Sum ( h3 h4 h5 p6 p7 ) * v ( h3 h4 h5 p1 ) * x ( p6 p7 h3 h4 ) * y ( h5 h2 p6 p7 )
[ - 0.5 ] * Sum ( h3 h4 h5 p6 p7 ) * v ( h3 h4 h5 p6 ) * x ( p7 p6 h3 h4 ) * y ( h5 h2 p7 p1 )
[ - 0.5 ] * Sum ( p3 p4 p5 h6 h7 ) * v ( h2 p3 p4 p1 ) * x ( p5 p4 h6 h7 ) * y ( h6 h7 p5 p3 )
[ + 0.25 ] * Sum ( p3 p4 p5 h6 h7 ) * v ( h2 p3 p4 p5 ) * x ( p4 p5 h6 h7 ) * y ( h6 h7 p3 p1 )
[ + 1.0 ] * Sum ( h3 p4 p5 p6 h7 ) * v ( h3 p4 p5 p1 ) * x ( p6 p5 h7 h3 ) * y ( h7 h2 p6 p4 )
[ - 0.5 ] * Sum ( h3 p4 p5 p6 h7 ) * v ( h3 p4 p5 p6 ) * x ( p5 p6 h7 h3 ) * y ( h7 h2 p4 p1 )
[ - 1.0 ] * Sum ( p3 h4 h5 p6 ) * t ( p3 h4 ) * v ( h5 h2 p3 p1 ) * x ( p6 h5 ) * y ( h4 p6 )
[ - 1.0 ] * Sum ( p3 h4 h5 p6 ) * t ( p3 h4 ) * v ( h5 h2 p6 p3 ) * x ( p6 h5 ) * y ( h4 p1 )
[ - 1.0 ] * Sum ( p3 h4 p5 h6 ) * t ( p3 h4 ) * v ( h4 h2 p5 p1 ) * x ( p5 h6 ) * y ( h6 p3 )
[ + 1.0 ] * Sum ( p3 h4 p5 h6 ) * t ( p3 h4 ) * v ( h4 h2 p5 p3 ) * x ( p5 h6 ) * y ( h6 p1 )
[ - 1.0 ] * Sum ( p3 h4 h5 p6 ) * t ( p3 h4 ) * v ( h5 h4 p6 p1 ) * x ( p6 h5 ) * y ( h2 p3 )
[ + 1.0 ] * Sum ( p3 h4 h5 p6 ) * t ( p3 h4 ) * v ( h5 h4 p3 p1 ) * x ( p6 h5 ) * y ( h2 p6 )
[ - 1.0 ] * Sum ( h3 p4 h5 p6 ) * f ( h3 p4 ) * t ( p4 h5 ) * x ( p6 h3 ) * y ( h5 h2 p6 p1 )
[ - 1.0 ] * Sum ( h3 p4 p5 h6 ) * f ( h3 p4 ) * t ( p5 h3 ) * x ( p4 h6 ) * y ( h6 h2 p5 p1 )
[ + 1.0 ] * Sum ( p3 h4 h5 h6 p7 ) * t ( p3 h4 ) * v ( h5 h2 h6 p3 ) * x ( p7 h5 ) * y ( h6 h4 p7 p1 )
[ - 1.0 ] * Sum ( p3 h4 h5 p6 h7 ) * t ( p3 h4 ) * v ( h4 h2 h5 p6 ) * x ( p6 h7 ) * y ( h7 h5 p3 p1 )
[ + 1.0 ] * Sum ( p3 h4 h5 h6 p7 ) * t ( p3 h4 ) * v ( h5 h4 h6 p1 ) * x ( p7 h5 ) * y ( h6 h2 p7 p3 )
[ + 1.0 ] * Sum ( p3 h4 h5 h6 p7 ) * t ( p3 h4 ) * v ( h5 h4 h6 p7 ) * x ( p7 h5 ) * y ( h6 h2 p3 p1 )
[ - 1.0 ] * Sum ( p3 h4 h5 h6 p7 ) * t ( p3 h4 ) * v ( h5 h4 h6 p3 ) * x ( p7 h5 ) * y ( h6 h2 p7 p1 )
[ + 1.0 ] * Sum ( p3 h4 p5 p6 h7 ) * t ( p3 h4 ) * v ( h2 p5 p6 p3 ) * x ( p6 h7 ) * y ( h7 h4 p5 p1 )
[ - 1.0 ] * Sum ( p3 h4 h5 p6 p7 ) * t ( p3 h4 ) * v ( h5 p6 p3 p1 ) * x ( p7 h5 ) * y ( h4 h2 p7 p6 )
[ + 1.0 ] * Sum ( p3 h4 h5 p6 p7 ) * t ( p3 h4 ) * v ( h5 p6 p7 p3 ) * x ( p7 h5 ) * y ( h4 h2 p6 p1 )
[ + 1.0 ] * Sum ( p3 h4 p5 p6 h7 ) * t ( p3 h4 ) * v ( h4 p5 p6 p1 ) * x ( p6 h7 ) * y ( h7 h2 p5 p3 )
[ - 1.0 ] * Sum ( p3 h4 p5 p6 h7 ) * t ( p3 h4 ) * v ( h4 p5 p6 p3 ) * x ( p6 h7 ) * y ( h7 h2 p5 p1 )
[ - 0.5 ] * Sum ( p3 h4 h5 p6 p7 h8 ) * t ( p3 h4 ) * v ( h5 h2 p3 p1 ) * x ( p6 p7 h8 h5 ) * y ( h8 h4 p6 p7 )
[ - 1.0 ] * Sum ( p3 h4 h5 p6 p7 h8 ) * t ( p3 h4 ) * v ( h5 h2 p6 p3 ) * x ( p7 p6 h8 h5 ) * y ( h8 h4 p7 p1 )
[ + 0.25 ] * Sum ( p3 h4 h5 h6 p7 p8 ) * t ( p3 h4 ) * v ( h5 h6 p3 p1 ) * x ( p7 p8 h5 h6 ) * y ( h4 h2 p7 p8 )
[ + 0.5 ] * Sum ( p3 h4 h5 h6 p7 p8 ) * t ( p3 h4 ) * v ( h5 h6 p7 p3 ) * x ( p8 p7 h5 h6 ) * y ( h4 h2 p8 p1 )
[ - 0.5 ] * Sum ( p3 h4 p5 p6 h7 h8 ) * t ( p3 h4 ) * v ( h4 h2 p5 p1 ) * x ( p6 p5 h7 h8 ) * y ( h7 h8 p6 p3 )
[ + 0.25 ] * Sum ( p3 h4 p5 p6 h7 h8 ) * t ( p3 h4 ) * v ( h4 h2 p5 p6 ) * x ( p5 p6 h7 h8 ) * y ( h7 h8 p3 p1 )
[ + 0.5 ] * Sum ( p3 h4 p5 p6 h7 h8 ) * t ( p3 h4 ) * v ( h4 h2 p5 p3 ) * x ( p6 p5 h7 h8 ) * y ( h7 h8 p6 p1 )
[ - 1.0 ] * Sum ( p3 h4 h5 p6 p7 h8 ) * t ( p3 h4 ) * v ( h5 h4 p6 p1 ) * x ( p7 p6 h8 h5 ) * y ( h8 h2 p7 p3 )
[ + 0.5 ] * Sum ( p3 h4 h5 p6 p7 h8 ) * t ( p3 h4 ) * v ( h5 h4 p6 p7 ) * x ( p6 p7 h8 h5 ) * y ( h8 h2 p3 p1 )
[ + 0.5 ] * Sum ( p3 h4 h5 p6 p7 h8 ) * t ( p3 h4 ) * v ( h5 h4 p3 p1 ) * x ( p6 p7 h8 h5 ) * y ( h8 h2 p6 p7 )
[ + 1.0 ] * Sum ( p3 h4 h5 p6 p7 h8 ) * t ( p3 h4 ) * v ( h5 h4 p6 p3 ) * x ( p7 p6 h8 h5 ) * y ( h8 h2 p7 p1 )
[ + 0.5 ] * Sum ( p3 p4 h5 h6 h7 p8 ) * t ( p3 p4 h5 h6 ) * v ( h7 h2 p4 p1 ) * x ( p8 h7 ) * y ( h5 h6 p8 p3 )
[ - 0.5 ] * Sum ( p3 p4 h5 h6 h7 p8 ) * t ( p3 p4 h5 h6 ) * v ( h7 h2 p8 p4 ) * x ( p8 h7 ) * y ( h5 h6 p3 p1 )
[ + 0.25 ] * Sum ( p3 p4 h5 h6 h7 p8 ) * t ( p3 p4 h5 h6 ) * v ( h7 h2 p3 p4 ) * x ( p8 h7 ) * y ( h5 h6 p8 p1 )
[ + 0.5 ] * Sum ( p3 p4 h5 h6 p7 h8 ) * t ( p3 p4 h5 h6 ) * v ( h6 h2 p7 p1 ) * x ( p7 h8 ) * y ( h8 h5 p3 p4 )
[ - 1.0 ] * Sum ( p3 p4 h5 h6 p7 h8 ) * t ( p3 p4 h5 h6 ) * v ( h6 h2 p7 p4 ) * x ( p7 h8 ) * y ( h8 h5 p3 p1 )
[ - 0.5 ] * Sum ( p3 p4 h5 h6 h7 p8 ) * t ( p3 p4 h5 h6 ) * v ( h7 h6 p8 p1 ) * x ( p8 h7 ) * y ( h5 h2 p3 p4 )
[ - 1.0 ] * Sum ( p3 p4 h5 h6 h7 p8 ) * t ( p3 p4 h5 h6 ) * v ( h7 h6 p4 p1 ) * x ( p8 h7 ) * y ( h5 h2 p8 p3 )
[ + 1.0 ] * Sum ( p3 p4 h5 h6 h7 p8 ) * t ( p3 p4 h5 h6 ) * v ( h7 h6 p8 p4 ) * x ( p8 h7 ) * y ( h5 h2 p3 p1 )
[ - 0.5 ] * Sum ( p3 p4 h5 h6 h7 p8 ) * t ( p3 p4 h5 h6 ) * v ( h7 h6 p3 p4 ) * x ( p8 h7 ) * y ( h5 h2 p8 p1 )
[ + 0.25 ] * Sum ( p3 p4 h5 h6 p7 h8 ) * t ( p3 p4 h5 h6 ) * v ( h5 h6 p7 p1 ) * x ( p7 h8 ) * y ( h8 h2 p3 p4 )
[ - 0.5 ] * Sum ( p3 p4 h5 h6 p7 h8 ) * t ( p3 p4 h5 h6 ) * v ( h5 h6 p7 p4 ) * x ( p7 h8 ) * y ( h8 h2 p3 p1 )
[ + 0.5 ] * Sum ( p3 h4 p5 h6 h7 p8 ) * t ( p3 h4 ) * t ( p5 h6 ) * v ( h7 h2 p5 p3 ) * x ( p8 h7 ) * y ( h6 h4 p8 p1 )
[ + 1.0 ] * Sum ( p3 h4 p5 h6 p7 h8 ) * t ( p3 h4 ) * t ( p5 h6 ) * v ( h6 h2 p7 p3 ) * x ( p7 h8 ) * y ( h8 h4 p5 p1 )
[ + 1.0 ] * Sum ( p3 h4 p5 h6 h7 p8 ) * t ( p3 h4 ) * t ( p5 h6 ) * v ( h7 h6 p3 p1 ) * x ( p8 h7 ) * y ( h4 h2 p8 p5 )
[ - 1.0 ] * Sum ( p3 h4 p5 h6 h7 p8 ) * t ( p3 h4 ) * t ( p5 h6 ) * v ( h7 h6 p8 p3 ) * x ( p8 h7 ) * y ( h4 h2 p5 p1 )
[ + 1.0 ] * Sum ( p3 h4 p5 h6 h7 p8 ) * t ( p3 h4 ) * t ( p5 h6 ) * v ( h7 h6 p5 p3 ) * x ( p8 h7 ) * y ( h4 h2 p8 p1 )
[ + 0.5 ] * Sum ( p3 h4 p5 h6 p7 h8 ) * t ( p3 h4 ) * t ( p5 h6 ) * v ( h6 h4 p7 p1 ) * x ( p7 h8 ) * y ( h8 h2 p5 p3 )
[ + 1.0 ] * Sum ( p3 h4 p5 h6 p7 h8 ) * t ( p3 h4 ) * t ( p5 h6 ) * v ( h6 h4 p7 p5 ) * x ( p7 h8 ) * y ( h8 h2 p3 p1 )
